[debug] [2022-08-18T21:05:13.187Z] ----------------------------------------------------------------------
[debug] [2022-08-18T21:05:13.189Z] Command:       C:\Program Files\nodejs\node.exe C:\Users\PC_M4LW4R3\AppData\Roaming\npm\node_modules\firebase-tools\lib\bin\firebase.js init hosting
[debug] [2022-08-18T21:05:13.190Z] CLI Version:   10.1.4
[debug] [2022-08-18T21:05:13.190Z] Platform:      win32
[debug] [2022-08-18T21:05:13.190Z] Node Version:  v16.13.0
[debug] [2022-08-18T21:05:13.191Z] Time:          Thu Aug 18 2022 16:05:13 GMT-0500 (hora estándar de Colombia)
[debug] [2022-08-18T21:05:13.191Z] ----------------------------------------------------------------------
[debug] 
[debug] [2022-08-18T21:05:13.195Z] >>> [apiv2][query] GET https://firebase-public.firebaseio.com/cli.json [none]
[debug] [2022-08-18T21:05:13.304Z] > command requires scopes: ["email","openid","https://www.googleapis.com/auth/cloudplatformprojects.readonly","https://www.googleapis.com/auth/firebase","https://www.googleapis.com/auth/cloud-platform"]
[debug] [2022-08-18T21:05:13.304Z] > authorizing via signed-in user (johnrnriquezmunoz@gmail.com)
[info] 
     ######## #### ########  ######## ########     ###     ######  ########
     ##        ##  ##     ## ##       ##     ##  ##   ##  ##       ##
     ######    ##  ########  ######   ########  #########  ######  ######
     ##        ##  ##    ##  ##       ##     ## ##     ##       ## ##
     ##       #### ##     ## ######## ########  ##     ##  ######  ########

You're about to initialize a Firebase project in this directory:

  C:\Users\PC_M4LW4R3\Desktop\JS\CURSO REACT\PRACTICAS\app_lista_gastos

Before we get started, keep in mind:

  * You are initializing within an existing Firebase project directory

